{
  "cf6eb5a5efa26403a9de025fb9d0e285" : {
    "statistic" : {
      "failed" : 1,
      "broken" : 0,
      "skipped" : 0,
      "passed" : 0,
      "unknown" : 0,
      "total" : 1
    },
    "items" : [ {
      "uid" : "93506ab412c1a2fb",
      "status" : "failed",
      "statusDetails" : "TimeoutException: timeout: Timed out receiving message from renderer: 30.000\nScreenshot: file:/Users/teamcity/builds/yUtSno1Co/0/autotests/WebNew/build/reports/tests/1741701373807.4.png\nPage source: file:/Users/teamcity/builds/yUtSno1Co/0/autotests/WebNew/build/reports/tests/1741701373807.4.html\nTimeout: 14 s.\nCaused by: TimeoutException: timeout: Timed out receiving message from renderer: 30.000",
      "time" : {
        "start" : 1741701118333,
        "stop" : 1741701423316,
        "duration" : 304983
      }
    } ]
  },
  "514ff39a5161779d81b58d4093ad1e81" : {
    "statistic" : {
      "failed" : 0,
      "broken" : 1,
      "skipped" : 0,
      "passed" : 0,
      "unknown" : 0,
      "total" : 1
    },
    "items" : [ {
      "uid" : "9730e4b47d5055f0",
      "status" : "broken",
      "statusDetails" : "timeout: Timed out receiving message from renderer: 17.828\n  (Session info: chrome=132.0.6834.160)\nBuild info: version: '4.29.0', revision: '5fc1ec94cb'\nSystem info: os.name: 'Mac OS X', os.arch: 'aarch64', os.version: '15.3.1', java.version: '23.0.2'\nDriver info: org.openqa.selenium.chrome.ChromeDriver\nCommand: [69021cad9ec76b212be17de790c447d1, refresh {}]\nCapabilities {acceptInsecureCerts: true, browserName: chrome, browserVersion: 132.0.6834.160, chrome: {chromedriverVersion: 132.0.6834.159 (2d77d3fc445..., userDataDir: /var/folders/6t/jjdy2hrd1dq...}, fedcm:accounts: true, goog:chromeOptions: {debuggerAddress: localhost:61937}, networkConnectionEnabled: false, pageLoadStrategy: eager, platformName: mac, proxy: Proxy(), se:cdp: ws://localhost:61937/devtoo..., se:cdpVersion: 132.0.6834.160, setWindowRect: true, strictFileInteractability: false, timeouts: {implicit: 0, pageLoad: 300000, script: 30000}, unhandledPromptBehavior: accept, webauthn:extension:credBlob: true, webauthn:extension:largeBlob: true, webauthn:extension:minPinLength: true, webauthn:extension:prf: true, webauthn:virtualAuthenticators: true}\nSession ID: 69021cad9ec76b212be17de790c447d1",
      "time" : {
        "start" : 1741700907598,
        "stop" : 1741701118327,
        "duration" : 210729
      }
    } ]
  },
  "a7519d805367d6283d9556065d9c18b2" : {
    "statistic" : {
      "failed" : 1,
      "broken" : 0,
      "skipped" : 0,
      "passed" : 0,
      "unknown" : 0,
      "total" : 1
    },
    "items" : [ {
      "uid" : "5cd18a2e50cb64f2",
      "status" : "failed",
      "statusDetails" : "Element not found {input#upload_files_button}\nExpected: exist\nScreenshot: file:/Users/teamcity/builds/yUtSno1Co/0/autotests/WebNew/build/reports/tests/1741701689435.5.png\nPage source: file:/Users/teamcity/builds/yUtSno1Co/0/autotests/WebNew/build/reports/tests/1741701689435.5.html\nTimeout: 14 s.\nCaused by: NoSuchElementException: no such element: Unable to locate element: {\"method\":\"css selector\",\"selector\":\"input#upload_files_button\"}",
      "time" : {
        "start" : 1741701423322,
        "stop" : 1741701710222,
        "duration" : 286900
      }
    } ]
  },
  "efa837afbc6d92b790a3a92ca90d555c" : {
    "statistic" : {
      "failed" : 0,
      "broken" : 0,
      "skipped" : 0,
      "passed" : 1,
      "unknown" : 0,
      "total" : 1
    },
    "items" : [ {
      "uid" : "29a9bc96bc4232ad",
      "status" : "passed",
      "time" : {
        "start" : 1741699459315,
        "stop" : 1741699657273,
        "duration" : 197958
      }
    } ]
  },
  "964a1e0b8f4c9287ac4a2678d7bd6dce" : {
    "statistic" : {
      "failed" : 1,
      "broken" : 0,
      "skipped" : 0,
      "passed" : 0,
      "unknown" : 0,
      "total" : 1
    },
    "items" : [ {
      "uid" : "a088636d15f8f18d",
      "status" : "failed",
      "statusDetails" : "Invalid element state [button.print-template--js]: element not interactable: [object HTMLButtonElement] has no size and location\nScreenshot: file:/Users/teamcity/builds/yUtSno1Co/0/autotests/WebNew/build/reports/tests/1741700906958.3.png\nPage source: file:/Users/teamcity/builds/yUtSno1Co/0/autotests/WebNew/build/reports/tests/1741700906958.3.html\nTimeout: 14 s.\nCaused by: ElementNotInteractableException: element not interactable: [object HTMLButtonElement] has no size and location",
      "time" : {
        "start" : 1741700728600,
        "stop" : 1741700907590,
        "duration" : 178990
      }
    } ]
  }
}