{
  "uid" : "507e2edceef41927",
  "name" : "Создание книги в онлайн-редакторе",
  "fullName" : "test.DemoOrderTest.createBookInOnline",
  "historyId" : "cf6eb5a5efa26403a9de025fb9d0e285",
  "time" : {
    "start" : 1758899126792,
    "stop" : 1758899198058,
    "duration" : 71266
  },
  "description" : "",
  "status" : "failed",
  "statusMessage" : "Invalid element state [img[title='Онлайнкнига']]: element click intercepted: Element <img alt=\"\" class=\"album_cover_image image-cover ng-isolate-scope success-loaded rotate-0\" title=\"Онлайнкнига\" url=\"album.item.coverUrl\" angle=\"album.item.coverAngle\" transparent=\"album.item.isStyle\" data-ng-src=\"https://cdn.photoholding.com/RBalancerWeb/SquidStyleBalancer/add4379555d15836aa5d09b542815f8e/d250/0\" src=\"https://cdn.photoholding.com/RBalancerWeb/SquidStyleBalancer/add4379555d15836aa5d09b542815f8e/d250/0\"> is not clickable at point (820, 484). Other element would receive the click: <iframe id=\"fl-999505\" title=\"Flocktory widget\" frameborder=\"0\" scrolling=\"no\" class=\"flocktory-widget\" style=\"width: 800px; height: 600px; opacity: 1; transition: opacity 1s ease-in;\"></iframe>\nScreenshot: file:/Users/Shared/gitlab-runner/builds/Ky1S2xgCM/0/autotests/WebNew/build/reports/tests/1758899196017.5.png\nPage source: file:/Users/Shared/gitlab-runner/builds/Ky1S2xgCM/0/autotests/WebNew/build/reports/tests/1758899196017.5.html\nTimeout: 20 s.\nCaused by: ElementClickInterceptedException: element click intercepted: Element <img alt=\"\" class=\"album_cover_image image-cover ng-isolate-scope success-loaded rotate-0\" title=\"Онлайнкнига\" url=\"album.item.coverUrl\" angle=\"album.item.coverAngle\" transparent=\"album.item.isStyle\" data-ng-src=\"https://cdn.photoholding.com/RBalancerWeb/SquidStyleBalancer/add4379555d15836aa5d09b542815f8e/d250/0\" src=\"https://cdn.photoholding.com/RBalancerWeb/SquidStyleBalancer/add4379555d15836aa5d09b542815f8e/d250/0\"> is not clickable at point (820, 484). Other element would receive the click: <iframe id=\"fl-999505\" title=\"Flocktory widget\" frameborder=\"0\" scrolling=\"no\" class=\"flocktory-widget\" style=\"width: 800px; height: 600px; opacity: 1; transition: opacity 1s ease-in;\"></iframe>",
  "statusTrace" : "Invalid element state [img[title='Онлайнкнига']]: element click intercepted: Element <img alt=\"\" class=\"album_cover_image image-cover ng-isolate-scope success-loaded rotate-0\" title=\"Онлайнкнига\" url=\"album.item.coverUrl\" angle=\"album.item.coverAngle\" transparent=\"album.item.isStyle\" data-ng-src=\"https://cdn.photoholding.com/RBalancerWeb/SquidStyleBalancer/add4379555d15836aa5d09b542815f8e/d250/0\" src=\"https://cdn.photoholding.com/RBalancerWeb/SquidStyleBalancer/add4379555d15836aa5d09b542815f8e/d250/0\"> is not clickable at point (820, 484). Other element would receive the click: <iframe id=\"fl-999505\" title=\"Flocktory widget\" frameborder=\"0\" scrolling=\"no\" class=\"flocktory-widget\" style=\"width: 800px; height: 600px; opacity: 1; transition: opacity 1s ease-in;\"></iframe>\nScreenshot: file:/Users/Shared/gitlab-runner/builds/Ky1S2xgCM/0/autotests/WebNew/build/reports/tests/1758899196017.5.png\nPage source: file:/Users/Shared/gitlab-runner/builds/Ky1S2xgCM/0/autotests/WebNew/build/reports/tests/1758899196017.5.html\nTimeout: 20 s.\nCaused by: ElementClickInterceptedException: element click intercepted: Element <img alt=\"\" class=\"album_cover_image image-cover ng-isolate-scope success-loaded rotate-0\" title=\"Онлайнкнига\" url=\"album.item.coverUrl\" angle=\"album.item.coverAngle\" transparent=\"album.item.isStyle\" data-ng-src=\"https://cdn.photoholding.com/RBalancerWeb/SquidStyleBalancer/add4379555d15836aa5d09b542815f8e/d250/0\" src=\"https://cdn.photoholding.com/RBalancerWeb/SquidStyleBalancer/add4379555d15836aa5d09b542815f8e/d250/0\"> is not clickable at point (820, 484). Other element would receive the click: <iframe id=\"fl-999505\" title=\"Flocktory widget\" frameborder=\"0\" scrolling=\"no\" class=\"flocktory-widget\" style=\"width: 800px; height: 600px; opacity: 1; transition: opacity 1s ease-in;\"></iframe>\n\tat com.codeborne.selenide.impl.ExceptionWrapper.wrap(ExceptionWrapper.java:19)\n\tat com.codeborne.selenide.impl.SelenideElementProxy.dispatchAndRetry(SelenideElementProxy.java:153)\n\tat com.codeborne.selenide.impl.SelenideElementProxy.invoke(SelenideElementProxy.java:83)\n\tat jdk.proxy2/jdk.proxy2.$Proxy18.click(Unknown Source)\n\tat Page.OnlineOrder.renewAlbum(OnlineOrder.java:61)\n\tat Page.OnlineOrder.orderBookOnline(OnlineOrder.java:31)\n\tat test.DemoOrderTest.createBookInOnline(DemoOrderTest.java:148)\n\tat java.base/jdk.internal.reflect.DirectMethodHandleAccessor.invoke(DirectMethodHandleAccessor.java:104)\n\tat java.base/java.lang.reflect.Method.invoke(Method.java:565)\n\tat org.junit.platform.commons.util.ReflectionUtils.invokeMethod(ReflectionUtils.java:767)\n\tat org.junit.jupiter.engine.execution.MethodInvocation.proceed(MethodInvocation.java:60)\n\tat org.junit.jupiter.engine.execution.InvocationInterceptorChain$ValidatingInvocation.proceed(InvocationInterceptorChain.java:131)\n\tat org.junit.jupiter.engine.extension.TimeoutExtension.intercept(TimeoutExtension.java:156)\n\tat org.junit.jupiter.engine.extension.TimeoutExtension.interceptTestableMethod(TimeoutExtension.java:147)\n\tat org.junit.jupiter.engine.extension.TimeoutExtension.interceptTestMethod(TimeoutExtension.java:86)\n\tat org.junit.jupiter.engine.execution.InterceptingExecutableInvoker$ReflectiveInterceptorCall.lambda$ofVoidMethod$0(InterceptingExecutableInvoker.java:103)\n\tat org.junit.jupiter.engine.execution.InterceptingExecutableInvoker.lambda$invoke$0(InterceptingExecutableInvoker.java:93)\n\tat org.junit.jupiter.engine.execution.InvocationInterceptorChain$InterceptedInvocation.proceed(InvocationInterceptorChain.java:106)\n\tat org.junit.jupiter.engine.execution.InvocationInterceptorChain.proceed(InvocationInterceptorChain.java:64)\n\tat org.junit.jupiter.engine.execution.InvocationInterceptorChain.chainAndInvoke(InvocationInterceptorChain.java:45)\n\tat org.junit.jupiter.engine.execution.InvocationInterceptorChain.invoke(InvocationInterceptorChain.java:37)\n\tat org.junit.jupiter.engine.execution.InterceptingExecutableInvoker.invoke(InterceptingExecutableInvoker.java:92)\n\tat org.junit.jupiter.engine.execution.InterceptingExecutableInvoker.invoke(InterceptingExecutableInvoker.java:86)\n\tat org.junit.jupiter.engine.descriptor.TestMethodTestDescriptor.lambda$invokeTestMethod$8(TestMethodTestDescriptor.java:217)\n\tat org.junit.platform.engine.support.hierarchical.ThrowableCollector.execute(ThrowableCollector.java:73)\n\tat org.junit.jupiter.engine.descriptor.TestMethodTestDescriptor.invokeTestMethod(TestMethodTestDescriptor.java:213)\n\tat org.junit.jupiter.engine.descriptor.TestMethodTestDescriptor.execute(TestMethodTestDescriptor.java:138)\n\tat org.junit.jupiter.engine.descriptor.TestMethodTestDescriptor.execute(TestMethodTestDescriptor.java:68)\n\tat org.junit.platform.engine.support.hierarchical.NodeTestTask.lambda$executeRecursively$6(NodeTestTask.java:156)\n\tat org.junit.platform.engine.support.hierarchical.ThrowableCollector.execute(ThrowableCollector.java:73)\n\tat org.junit.platform.engine.support.hierarchical.NodeTestTask.lambda$executeRecursively$8(NodeTestTask.java:146)\n\tat org.junit.platform.engine.support.hierarchical.Node.around(Node.java:137)\n\tat org.junit.platform.engine.support.hierarchical.NodeTestTask.lambda$executeRecursively$9(NodeTestTask.java:144)\n\tat org.junit.platform.engine.support.hierarchical.ThrowableCollector.execute(ThrowableCollector.java:73)\n\tat org.junit.platform.engine.support.hierarchical.NodeTestTask.executeRecursively(NodeTestTask.java:143)\n\tat org.junit.platform.engine.support.hierarchical.NodeTestTask.execute(NodeTestTask.java:100)\n\tat java.base/java.util.ArrayList.forEach(ArrayList.java:1604)\n\tat org.junit.platform.engine.support.hierarchical.SameThreadHierarchicalTestExecutorService.invokeAll(SameThreadHierarchicalTestExecutorService.java:41)\n\tat org.junit.platform.engine.support.hierarchical.NodeTestTask.lambda$executeRecursively$6(NodeTestTask.java:160)\n\tat org.junit.platform.engine.support.hierarchical.ThrowableCollector.execute(ThrowableCollector.java:73)\n\tat org.junit.platform.engine.support.hierarchical.NodeTestTask.lambda$executeRecursively$8(NodeTestTask.java:146)\n\tat org.junit.platform.engine.support.hierarchical.Node.around(Node.java:137)\n\tat org.junit.platform.engine.support.hierarchical.NodeTestTask.lambda$executeRecursively$9(NodeTestTask.java:144)\n\tat org.junit.platform.engine.support.hierarchical.ThrowableCollector.execute(ThrowableCollector.java:73)\n\tat org.junit.platform.engine.support.hierarchical.NodeTestTask.executeRecursively(NodeTestTask.java:143)\n\tat org.junit.platform.engine.support.hierarchical.NodeTestTask.execute(NodeTestTask.java:100)\n\tat java.base/java.util.ArrayList.forEach(ArrayList.java:1604)\n\tat org.junit.platform.engine.support.hierarchical.SameThreadHierarchicalTestExecutorService.invokeAll(SameThreadHierarchicalTestExecutorService.java:41)\n\tat org.junit.platform.engine.support.hierarchical.NodeTestTask.lambda$executeRecursively$6(NodeTestTask.java:160)\n\tat org.junit.platform.engine.support.hierarchical.ThrowableCollector.execute(ThrowableCollector.java:73)\n\tat org.junit.platform.engine.support.hierarchical.NodeTestTask.lambda$executeRecursively$8(NodeTestTask.java:146)\n\tat org.junit.platform.engine.support.hierarchical.Node.around(Node.java:137)\n\tat org.junit.platform.engine.support.hierarchical.NodeTestTask.lambda$executeRecursively$9(NodeTestTask.java:144)\n\tat org.junit.platform.engine.support.hierarchical.ThrowableCollector.execute(ThrowableCollector.java:73)\n\tat org.junit.platform.engine.support.hierarchical.NodeTestTask.executeRecursively(NodeTestTask.java:143)\n\tat org.junit.platform.engine.support.hierarchical.NodeTestTask.execute(NodeTestTask.java:100)\n\tat org.junit.platform.engine.support.hierarchical.SameThreadHierarchicalTestExecutorService.submit(SameThreadHierarchicalTestExecutorService.java:35)\n\tat org.junit.platform.engine.support.hierarchical.HierarchicalTestExecutor.execute(HierarchicalTestExecutor.java:57)\n\tat org.junit.platform.engine.support.hierarchical.HierarchicalTestEngine.execute(HierarchicalTestEngine.java:54)\n\tat org.junit.platform.launcher.core.EngineExecutionOrchestrator.execute(EngineExecutionOrchestrator.java:108)\n\tat org.junit.platform.launcher.core.EngineExecutionOrchestrator.execute(EngineExecutionOrchestrator.java:88)\n\tat org.junit.platform.launcher.core.EngineExecutionOrchestrator.lambda$execute$0(EngineExecutionOrchestrator.java:54)\n\tat org.junit.platform.launcher.core.EngineExecutionOrchestrator.withInterceptedStreams(EngineExecutionOrchestrator.java:67)\n\tat org.junit.platform.launcher.core.EngineExecutionOrchestrator.execute(EngineExecutionOrchestrator.java:52)\n\tat org.junit.platform.launcher.core.DefaultLauncher.execute(DefaultLauncher.java:96)\n\tat org.junit.platform.launcher.core.DefaultLauncher.execute(DefaultLauncher.java:75)\n\tat org.apache.maven.surefire.junitplatform.LazyLauncher.execute(LazyLauncher.java:56)\n\tat org.apache.maven.surefire.junitplatform.JUnitPlatformProvider.invokeAllTests(JUnitPlatformProvider.java:162)\n\tat org.apache.maven.surefire.junitplatform.JUnitPlatformProvider.invoke(JUnitPlatformProvider.java:122)\n\tat org.apache.maven.surefire.booter.ForkedBooter.runSuitesInProcess(ForkedBooter.java:385)\n\tat org.apache.maven.surefire.booter.ForkedBooter.execute(ForkedBooter.java:162)\n\tat org.apache.maven.surefire.booter.ForkedBooter.run(ForkedBooter.java:507)\n\tat org.apache.maven.surefire.booter.ForkedBooter.main(ForkedBooter.java:495)\nCaused by: org.openqa.selenium.ElementClickInterceptedException: element click intercepted: Element <img alt=\"\" class=\"album_cover_image image-cover ng-isolate-scope success-loaded rotate-0\" title=\"Онлайнкнига\" url=\"album.item.coverUrl\" angle=\"album.item.coverAngle\" transparent=\"album.item.isStyle\" data-ng-src=\"https://cdn.photoholding.com/RBalancerWeb/SquidStyleBalancer/add4379555d15836aa5d09b542815f8e/d250/0\" src=\"https://cdn.photoholding.com/RBalancerWeb/SquidStyleBalancer/add4379555d15836aa5d09b542815f8e/d250/0\"> is not clickable at point (820, 484). Other element would receive the click: <iframe id=\"fl-999505\" title=\"Flocktory widget\" frameborder=\"0\" scrolling=\"no\" class=\"flocktory-widget\" style=\"width: 800px; height: 600px; opacity: 1; transition: opacity 1s ease-in;\"></iframe>\n  (Session info: chrome=141.0.7390.37)\nBuild info: version: '4.29.0', revision: '5fc1ec94cb'\nSystem info: os.name: 'Mac OS X', os.arch: 'aarch64', os.version: '15.6', java.version: '24.0.2'\nDriver info: org.openqa.selenium.chrome.ChromeDriver\nCommand: [c895118f80d05a35a062b508ffb2806e, clickElement {id=f.85A6682F8B243DCBF69B3DA2F9E80E7A.d.BF07D5718677477A0FFC409F8EBAD663.e.287}]\nCapabilities {acceptInsecureCerts: true, browserName: chrome, browserVersion: 141.0.7390.37, chrome: {chromedriverVersion: 141.0.7390.37 (9f043f63b0e5..., userDataDir: /var/folders/hx/tkw53wds467...}, fedcm:accounts: true, goog:chromeOptions: {debuggerAddress: localhost:55822}, networkConnectionEnabled: false, pageLoadStrategy: eager, platformName: mac, proxy: Proxy(), se:cdp: ws://localhost:55822/devtoo..., se:cdpVersion: 141.0.7390.37, setWindowRect: true, strictFileInteractability: false, timeouts: {implicit: 0, pageLoad: 300000, script: 30000}, unhandledPromptBehavior: accept, webauthn:extension:credBlob: true, webauthn:extension:largeBlob: true, webauthn:extension:minPinLength: true, webauthn:extension:prf: true, webauthn:virtualAuthenticators: true}\nElement: [[ChromeDriver: chrome on mac (c895118f80d05a35a062b508ffb2806e)] -> css selector: img[title='Онлайнкнига']]\nSession ID: c895118f80d05a35a062b508ffb2806e\n\tat java.base/jdk.internal.reflect.DirectConstructorHandleAccessor.newInstance(DirectConstructorHandleAccessor.java:62)\n\tat java.base/java.lang.reflect.Constructor.newInstanceWithCaller(Constructor.java:499)\n\tat java.base/java.lang.reflect.Constructor.newInstance(Constructor.java:483)\n\tat org.openqa.selenium.remote.ErrorCodec.decode(ErrorCodec.java:167)\n\tat org.openqa.selenium.remote.codec.w3c.W3CHttpResponseCodec.decode(W3CHttpResponseCodec.java:138)\n\tat org.openqa.selenium.remote.codec.w3c.W3CHttpResponseCodec.decode(W3CHttpResponseCodec.java:50)\n\tat org.openqa.selenium.remote.HttpCommandExecutor.execute(HttpCommandExecutor.java:215)\n\tat org.openqa.selenium.remote.service.DriverCommandExecutor.invokeExecute(DriverCommandExecutor.java:216)\n\tat org.openqa.selenium.remote.service.DriverCommandExecutor.execute(DriverCommandExecutor.java:174)\n\tat org.openqa.selenium.remote.RemoteWebDriver.execute(RemoteWebDriver.java:545)\n\tat org.openqa.selenium.remote.RemoteWebElement.execute(RemoteWebElement.java:223)\n\tat org.openqa.selenium.remote.RemoteWebElement.click(RemoteWebElement.java:76)\n\tat com.codeborne.selenide.commands.Click.defaultClick(Click.java:94)\n\tat com.codeborne.selenide.commands.Click.doClick(Click.java:72)\n\tat com.codeborne.selenide.commands.Click.click(Click.java:48)\n\tat com.codeborne.selenide.commands.Click.execute(Click.java:28)\n\tat com.codeborne.selenide.FluentCommand.execute(FluentCommand.java:27)\n\tat com.codeborne.selenide.FluentCommand.execute(FluentCommand.java:19)\n\tat com.codeborne.selenide.commands.Commands.execute(Commands.java:160)\n\tat com.codeborne.selenide.impl.SelenideElementProxy.dispatchAndRetry(SelenideElementProxy.java:131)\n\t... 71 more\n",
  "flaky" : false,
  "newFailed" : false,
  "beforeStages" : [ ],
  "testStage" : {
    "description" : "",
    "status" : "failed",
    "statusMessage" : "Invalid element state [img[title='Онлайнкнига']]: element click intercepted: Element <img alt=\"\" class=\"album_cover_image image-cover ng-isolate-scope success-loaded rotate-0\" title=\"Онлайнкнига\" url=\"album.item.coverUrl\" angle=\"album.item.coverAngle\" transparent=\"album.item.isStyle\" data-ng-src=\"https://cdn.photoholding.com/RBalancerWeb/SquidStyleBalancer/add4379555d15836aa5d09b542815f8e/d250/0\" src=\"https://cdn.photoholding.com/RBalancerWeb/SquidStyleBalancer/add4379555d15836aa5d09b542815f8e/d250/0\"> is not clickable at point (820, 484). Other element would receive the click: <iframe id=\"fl-999505\" title=\"Flocktory widget\" frameborder=\"0\" scrolling=\"no\" class=\"flocktory-widget\" style=\"width: 800px; height: 600px; opacity: 1; transition: opacity 1s ease-in;\"></iframe>\nScreenshot: file:/Users/Shared/gitlab-runner/builds/Ky1S2xgCM/0/autotests/WebNew/build/reports/tests/1758899196017.5.png\nPage source: file:/Users/Shared/gitlab-runner/builds/Ky1S2xgCM/0/autotests/WebNew/build/reports/tests/1758899196017.5.html\nTimeout: 20 s.\nCaused by: ElementClickInterceptedException: element click intercepted: Element <img alt=\"\" class=\"album_cover_image image-cover ng-isolate-scope success-loaded rotate-0\" title=\"Онлайнкнига\" url=\"album.item.coverUrl\" angle=\"album.item.coverAngle\" transparent=\"album.item.isStyle\" data-ng-src=\"https://cdn.photoholding.com/RBalancerWeb/SquidStyleBalancer/add4379555d15836aa5d09b542815f8e/d250/0\" src=\"https://cdn.photoholding.com/RBalancerWeb/SquidStyleBalancer/add4379555d15836aa5d09b542815f8e/d250/0\"> is not clickable at point (820, 484). Other element would receive the click: <iframe id=\"fl-999505\" title=\"Flocktory widget\" frameborder=\"0\" scrolling=\"no\" class=\"flocktory-widget\" style=\"width: 800px; height: 600px; opacity: 1; transition: opacity 1s ease-in;\"></iframe>",
    "statusTrace" : "Invalid element state [img[title='Онлайнкнига']]: element click intercepted: Element <img alt=\"\" class=\"album_cover_image image-cover ng-isolate-scope success-loaded rotate-0\" title=\"Онлайнкнига\" url=\"album.item.coverUrl\" angle=\"album.item.coverAngle\" transparent=\"album.item.isStyle\" data-ng-src=\"https://cdn.photoholding.com/RBalancerWeb/SquidStyleBalancer/add4379555d15836aa5d09b542815f8e/d250/0\" src=\"https://cdn.photoholding.com/RBalancerWeb/SquidStyleBalancer/add4379555d15836aa5d09b542815f8e/d250/0\"> is not clickable at point (820, 484). Other element would receive the click: <iframe id=\"fl-999505\" title=\"Flocktory widget\" frameborder=\"0\" scrolling=\"no\" class=\"flocktory-widget\" style=\"width: 800px; height: 600px; opacity: 1; transition: opacity 1s ease-in;\"></iframe>\nScreenshot: file:/Users/Shared/gitlab-runner/builds/Ky1S2xgCM/0/autotests/WebNew/build/reports/tests/1758899196017.5.png\nPage source: file:/Users/Shared/gitlab-runner/builds/Ky1S2xgCM/0/autotests/WebNew/build/reports/tests/1758899196017.5.html\nTimeout: 20 s.\nCaused by: ElementClickInterceptedException: element click intercepted: Element <img alt=\"\" class=\"album_cover_image image-cover ng-isolate-scope success-loaded rotate-0\" title=\"Онлайнкнига\" url=\"album.item.coverUrl\" angle=\"album.item.coverAngle\" transparent=\"album.item.isStyle\" data-ng-src=\"https://cdn.photoholding.com/RBalancerWeb/SquidStyleBalancer/add4379555d15836aa5d09b542815f8e/d250/0\" src=\"https://cdn.photoholding.com/RBalancerWeb/SquidStyleBalancer/add4379555d15836aa5d09b542815f8e/d250/0\"> is not clickable at point (820, 484). Other element would receive the click: <iframe id=\"fl-999505\" title=\"Flocktory widget\" frameborder=\"0\" scrolling=\"no\" class=\"flocktory-widget\" style=\"width: 800px; height: 600px; opacity: 1; transition: opacity 1s ease-in;\"></iframe>\n\tat com.codeborne.selenide.impl.ExceptionWrapper.wrap(ExceptionWrapper.java:19)\n\tat com.codeborne.selenide.impl.SelenideElementProxy.dispatchAndRetry(SelenideElementProxy.java:153)\n\tat com.codeborne.selenide.impl.SelenideElementProxy.invoke(SelenideElementProxy.java:83)\n\tat jdk.proxy2/jdk.proxy2.$Proxy18.click(Unknown Source)\n\tat Page.OnlineOrder.renewAlbum(OnlineOrder.java:61)\n\tat Page.OnlineOrder.orderBookOnline(OnlineOrder.java:31)\n\tat test.DemoOrderTest.createBookInOnline(DemoOrderTest.java:148)\n\tat java.base/jdk.internal.reflect.DirectMethodHandleAccessor.invoke(DirectMethodHandleAccessor.java:104)\n\tat java.base/java.lang.reflect.Method.invoke(Method.java:565)\n\tat org.junit.platform.commons.util.ReflectionUtils.invokeMethod(ReflectionUtils.java:767)\n\tat org.junit.jupiter.engine.execution.MethodInvocation.proceed(MethodInvocation.java:60)\n\tat org.junit.jupiter.engine.execution.InvocationInterceptorChain$ValidatingInvocation.proceed(InvocationInterceptorChain.java:131)\n\tat org.junit.jupiter.engine.extension.TimeoutExtension.intercept(TimeoutExtension.java:156)\n\tat org.junit.jupiter.engine.extension.TimeoutExtension.interceptTestableMethod(TimeoutExtension.java:147)\n\tat org.junit.jupiter.engine.extension.TimeoutExtension.interceptTestMethod(TimeoutExtension.java:86)\n\tat org.junit.jupiter.engine.execution.InterceptingExecutableInvoker$ReflectiveInterceptorCall.lambda$ofVoidMethod$0(InterceptingExecutableInvoker.java:103)\n\tat org.junit.jupiter.engine.execution.InterceptingExecutableInvoker.lambda$invoke$0(InterceptingExecutableInvoker.java:93)\n\tat org.junit.jupiter.engine.execution.InvocationInterceptorChain$InterceptedInvocation.proceed(InvocationInterceptorChain.java:106)\n\tat org.junit.jupiter.engine.execution.InvocationInterceptorChain.proceed(InvocationInterceptorChain.java:64)\n\tat org.junit.jupiter.engine.execution.InvocationInterceptorChain.chainAndInvoke(InvocationInterceptorChain.java:45)\n\tat org.junit.jupiter.engine.execution.InvocationInterceptorChain.invoke(InvocationInterceptorChain.java:37)\n\tat org.junit.jupiter.engine.execution.InterceptingExecutableInvoker.invoke(InterceptingExecutableInvoker.java:92)\n\tat org.junit.jupiter.engine.execution.InterceptingExecutableInvoker.invoke(InterceptingExecutableInvoker.java:86)\n\tat org.junit.jupiter.engine.descriptor.TestMethodTestDescriptor.lambda$invokeTestMethod$8(TestMethodTestDescriptor.java:217)\n\tat org.junit.platform.engine.support.hierarchical.ThrowableCollector.execute(ThrowableCollector.java:73)\n\tat org.junit.jupiter.engine.descriptor.TestMethodTestDescriptor.invokeTestMethod(TestMethodTestDescriptor.java:213)\n\tat org.junit.jupiter.engine.descriptor.TestMethodTestDescriptor.execute(TestMethodTestDescriptor.java:138)\n\tat org.junit.jupiter.engine.descriptor.TestMethodTestDescriptor.execute(TestMethodTestDescriptor.java:68)\n\tat org.junit.platform.engine.support.hierarchical.NodeTestTask.lambda$executeRecursively$6(NodeTestTask.java:156)\n\tat org.junit.platform.engine.support.hierarchical.ThrowableCollector.execute(ThrowableCollector.java:73)\n\tat org.junit.platform.engine.support.hierarchical.NodeTestTask.lambda$executeRecursively$8(NodeTestTask.java:146)\n\tat org.junit.platform.engine.support.hierarchical.Node.around(Node.java:137)\n\tat org.junit.platform.engine.support.hierarchical.NodeTestTask.lambda$executeRecursively$9(NodeTestTask.java:144)\n\tat org.junit.platform.engine.support.hierarchical.ThrowableCollector.execute(ThrowableCollector.java:73)\n\tat org.junit.platform.engine.support.hierarchical.NodeTestTask.executeRecursively(NodeTestTask.java:143)\n\tat org.junit.platform.engine.support.hierarchical.NodeTestTask.execute(NodeTestTask.java:100)\n\tat java.base/java.util.ArrayList.forEach(ArrayList.java:1604)\n\tat org.junit.platform.engine.support.hierarchical.SameThreadHierarchicalTestExecutorService.invokeAll(SameThreadHierarchicalTestExecutorService.java:41)\n\tat org.junit.platform.engine.support.hierarchical.NodeTestTask.lambda$executeRecursively$6(NodeTestTask.java:160)\n\tat org.junit.platform.engine.support.hierarchical.ThrowableCollector.execute(ThrowableCollector.java:73)\n\tat org.junit.platform.engine.support.hierarchical.NodeTestTask.lambda$executeRecursively$8(NodeTestTask.java:146)\n\tat org.junit.platform.engine.support.hierarchical.Node.around(Node.java:137)\n\tat org.junit.platform.engine.support.hierarchical.NodeTestTask.lambda$executeRecursively$9(NodeTestTask.java:144)\n\tat org.junit.platform.engine.support.hierarchical.ThrowableCollector.execute(ThrowableCollector.java:73)\n\tat org.junit.platform.engine.support.hierarchical.NodeTestTask.executeRecursively(NodeTestTask.java:143)\n\tat org.junit.platform.engine.support.hierarchical.NodeTestTask.execute(NodeTestTask.java:100)\n\tat java.base/java.util.ArrayList.forEach(ArrayList.java:1604)\n\tat org.junit.platform.engine.support.hierarchical.SameThreadHierarchicalTestExecutorService.invokeAll(SameThreadHierarchicalTestExecutorService.java:41)\n\tat org.junit.platform.engine.support.hierarchical.NodeTestTask.lambda$executeRecursively$6(NodeTestTask.java:160)\n\tat org.junit.platform.engine.support.hierarchical.ThrowableCollector.execute(ThrowableCollector.java:73)\n\tat org.junit.platform.engine.support.hierarchical.NodeTestTask.lambda$executeRecursively$8(NodeTestTask.java:146)\n\tat org.junit.platform.engine.support.hierarchical.Node.around(Node.java:137)\n\tat org.junit.platform.engine.support.hierarchical.NodeTestTask.lambda$executeRecursively$9(NodeTestTask.java:144)\n\tat org.junit.platform.engine.support.hierarchical.ThrowableCollector.execute(ThrowableCollector.java:73)\n\tat org.junit.platform.engine.support.hierarchical.NodeTestTask.executeRecursively(NodeTestTask.java:143)\n\tat org.junit.platform.engine.support.hierarchical.NodeTestTask.execute(NodeTestTask.java:100)\n\tat org.junit.platform.engine.support.hierarchical.SameThreadHierarchicalTestExecutorService.submit(SameThreadHierarchicalTestExecutorService.java:35)\n\tat org.junit.platform.engine.support.hierarchical.HierarchicalTestExecutor.execute(HierarchicalTestExecutor.java:57)\n\tat org.junit.platform.engine.support.hierarchical.HierarchicalTestEngine.execute(HierarchicalTestEngine.java:54)\n\tat org.junit.platform.launcher.core.EngineExecutionOrchestrator.execute(EngineExecutionOrchestrator.java:108)\n\tat org.junit.platform.launcher.core.EngineExecutionOrchestrator.execute(EngineExecutionOrchestrator.java:88)\n\tat org.junit.platform.launcher.core.EngineExecutionOrchestrator.lambda$execute$0(EngineExecutionOrchestrator.java:54)\n\tat org.junit.platform.launcher.core.EngineExecutionOrchestrator.withInterceptedStreams(EngineExecutionOrchestrator.java:67)\n\tat org.junit.platform.launcher.core.EngineExecutionOrchestrator.execute(EngineExecutionOrchestrator.java:52)\n\tat org.junit.platform.launcher.core.DefaultLauncher.execute(DefaultLauncher.java:96)\n\tat org.junit.platform.launcher.core.DefaultLauncher.execute(DefaultLauncher.java:75)\n\tat org.apache.maven.surefire.junitplatform.LazyLauncher.execute(LazyLauncher.java:56)\n\tat org.apache.maven.surefire.junitplatform.JUnitPlatformProvider.invokeAllTests(JUnitPlatformProvider.java:162)\n\tat org.apache.maven.surefire.junitplatform.JUnitPlatformProvider.invoke(JUnitPlatformProvider.java:122)\n\tat org.apache.maven.surefire.booter.ForkedBooter.runSuitesInProcess(ForkedBooter.java:385)\n\tat org.apache.maven.surefire.booter.ForkedBooter.execute(ForkedBooter.java:162)\n\tat org.apache.maven.surefire.booter.ForkedBooter.run(ForkedBooter.java:507)\n\tat org.apache.maven.surefire.booter.ForkedBooter.main(ForkedBooter.java:495)\nCaused by: org.openqa.selenium.ElementClickInterceptedException: element click intercepted: Element <img alt=\"\" class=\"album_cover_image image-cover ng-isolate-scope success-loaded rotate-0\" title=\"Онлайнкнига\" url=\"album.item.coverUrl\" angle=\"album.item.coverAngle\" transparent=\"album.item.isStyle\" data-ng-src=\"https://cdn.photoholding.com/RBalancerWeb/SquidStyleBalancer/add4379555d15836aa5d09b542815f8e/d250/0\" src=\"https://cdn.photoholding.com/RBalancerWeb/SquidStyleBalancer/add4379555d15836aa5d09b542815f8e/d250/0\"> is not clickable at point (820, 484). Other element would receive the click: <iframe id=\"fl-999505\" title=\"Flocktory widget\" frameborder=\"0\" scrolling=\"no\" class=\"flocktory-widget\" style=\"width: 800px; height: 600px; opacity: 1; transition: opacity 1s ease-in;\"></iframe>\n  (Session info: chrome=141.0.7390.37)\nBuild info: version: '4.29.0', revision: '5fc1ec94cb'\nSystem info: os.name: 'Mac OS X', os.arch: 'aarch64', os.version: '15.6', java.version: '24.0.2'\nDriver info: org.openqa.selenium.chrome.ChromeDriver\nCommand: [c895118f80d05a35a062b508ffb2806e, clickElement {id=f.85A6682F8B243DCBF69B3DA2F9E80E7A.d.BF07D5718677477A0FFC409F8EBAD663.e.287}]\nCapabilities {acceptInsecureCerts: true, browserName: chrome, browserVersion: 141.0.7390.37, chrome: {chromedriverVersion: 141.0.7390.37 (9f043f63b0e5..., userDataDir: /var/folders/hx/tkw53wds467...}, fedcm:accounts: true, goog:chromeOptions: {debuggerAddress: localhost:55822}, networkConnectionEnabled: false, pageLoadStrategy: eager, platformName: mac, proxy: Proxy(), se:cdp: ws://localhost:55822/devtoo..., se:cdpVersion: 141.0.7390.37, setWindowRect: true, strictFileInteractability: false, timeouts: {implicit: 0, pageLoad: 300000, script: 30000}, unhandledPromptBehavior: accept, webauthn:extension:credBlob: true, webauthn:extension:largeBlob: true, webauthn:extension:minPinLength: true, webauthn:extension:prf: true, webauthn:virtualAuthenticators: true}\nElement: [[ChromeDriver: chrome on mac (c895118f80d05a35a062b508ffb2806e)] -> css selector: img[title='Онлайнкнига']]\nSession ID: c895118f80d05a35a062b508ffb2806e\n\tat java.base/jdk.internal.reflect.DirectConstructorHandleAccessor.newInstance(DirectConstructorHandleAccessor.java:62)\n\tat java.base/java.lang.reflect.Constructor.newInstanceWithCaller(Constructor.java:499)\n\tat java.base/java.lang.reflect.Constructor.newInstance(Constructor.java:483)\n\tat org.openqa.selenium.remote.ErrorCodec.decode(ErrorCodec.java:167)\n\tat org.openqa.selenium.remote.codec.w3c.W3CHttpResponseCodec.decode(W3CHttpResponseCodec.java:138)\n\tat org.openqa.selenium.remote.codec.w3c.W3CHttpResponseCodec.decode(W3CHttpResponseCodec.java:50)\n\tat org.openqa.selenium.remote.HttpCommandExecutor.execute(HttpCommandExecutor.java:215)\n\tat org.openqa.selenium.remote.service.DriverCommandExecutor.invokeExecute(DriverCommandExecutor.java:216)\n\tat org.openqa.selenium.remote.service.DriverCommandExecutor.execute(DriverCommandExecutor.java:174)\n\tat org.openqa.selenium.remote.RemoteWebDriver.execute(RemoteWebDriver.java:545)\n\tat org.openqa.selenium.remote.RemoteWebElement.execute(RemoteWebElement.java:223)\n\tat org.openqa.selenium.remote.RemoteWebElement.click(RemoteWebElement.java:76)\n\tat com.codeborne.selenide.commands.Click.defaultClick(Click.java:94)\n\tat com.codeborne.selenide.commands.Click.doClick(Click.java:72)\n\tat com.codeborne.selenide.commands.Click.click(Click.java:48)\n\tat com.codeborne.selenide.commands.Click.execute(Click.java:28)\n\tat com.codeborne.selenide.FluentCommand.execute(FluentCommand.java:27)\n\tat com.codeborne.selenide.FluentCommand.execute(FluentCommand.java:19)\n\tat com.codeborne.selenide.commands.Commands.execute(Commands.java:160)\n\tat com.codeborne.selenide.impl.SelenideElementProxy.dispatchAndRetry(SelenideElementProxy.java:131)\n\t... 71 more\n",
    "steps" : [ {
      "name" : "Авторизация по e-token",
      "time" : {
        "start" : 1758899151182,
        "stop" : 1758899155134,
        "duration" : 3952
      },
      "status" : "passed",
      "steps" : [ ],
      "attachments" : [ ],
      "parameters" : [ ],
      "attachmentsCount" : 0,
      "shouldDisplayMessage" : false,
      "stepsCount" : 0,
      "hasContent" : false
    }, {
      "name" : "Выбор категории меню",
      "time" : {
        "start" : 1758899158721,
        "stop" : 1758899158892,
        "duration" : 171
      },
      "status" : "passed",
      "steps" : [ ],
      "attachments" : [ ],
      "parameters" : [ {
        "name" : "menuSec",
        "value" : "Фотокниги"
      } ],
      "attachmentsCount" : 0,
      "shouldDisplayMessage" : false,
      "stepsCount" : 0,
      "hasContent" : true
    }, {
      "name" : "Выбор типа продукта",
      "time" : {
        "start" : 1758899158892,
        "stop" : 1758899159235,
        "duration" : 343
      },
      "status" : "passed",
      "steps" : [ ],
      "attachments" : [ ],
      "parameters" : [ {
        "name" : "productType",
        "value" : "Твердая обложка"
      } ],
      "attachmentsCount" : 0,
      "shouldDisplayMessage" : false,
      "stepsCount" : 0,
      "hasContent" : true
    }, {
      "name" : "Открыть личный кабинет",
      "time" : {
        "start" : 1758899159235,
        "stop" : 1758899162782,
        "duration" : 3547
      },
      "status" : "passed",
      "steps" : [ ],
      "attachments" : [ ],
      "parameters" : [ ],
      "attachmentsCount" : 0,
      "shouldDisplayMessage" : false,
      "stepsCount" : 0,
      "hasContent" : false
    }, {
      "name" : "Переход в Мои альбомы",
      "time" : {
        "start" : 1758899162783,
        "stop" : 1758899172930,
        "duration" : 10147
      },
      "status" : "passed",
      "steps" : [ ],
      "attachments" : [ ],
      "parameters" : [ ],
      "attachmentsCount" : 0,
      "shouldDisplayMessage" : false,
      "stepsCount" : 0,
      "hasContent" : false
    }, {
      "name" : "Обновление альбома для фотокниги",
      "time" : {
        "start" : 1758899172930,
        "stop" : 1758899196220,
        "duration" : 23290
      },
      "status" : "failed",
      "statusMessage" : "Invalid element state [img[title='Онлайнкнига']]: element click intercepted: Element <img alt=\"\" class=\"album_cover_image image-cover ng-isolate-scope success-loaded rotate-0\" title=\"Онлайнкнига\" url=\"album.item.coverUrl\" angle=\"album.item.coverAngle\" transparent=\"album.item.isStyle\" data-ng-src=\"https://cdn.photoholding.com/RBalancerWeb/SquidStyleBalancer/add4379555d15836aa5d09b542815f8e/d250/0\" src=\"https://cdn.photoholding.com/RBalancerWeb/SquidStyleBalancer/add4379555d15836aa5d09b542815f8e/d250/0\"> is not clickable at point (820, 484). Other element would receive the click: <iframe id=\"fl-999505\" title=\"Flocktory widget\" frameborder=\"0\" scrolling=\"no\" class=\"flocktory-widget\" style=\"width: 800px; height: 600px; opacity: 1; transition: opacity 1s ease-in;\"></iframe>\nScreenshot: file:/Users/Shared/gitlab-runner/builds/Ky1S2xgCM/0/autotests/WebNew/build/reports/tests/1758899196017.5.png\nPage source: file:/Users/Shared/gitlab-runner/builds/Ky1S2xgCM/0/autotests/WebNew/build/reports/tests/1758899196017.5.html\nTimeout: 20 s.\nCaused by: ElementClickInterceptedException: element click intercepted: Element <img alt=\"\" class=\"album_cover_image image-cover ng-isolate-scope success-loaded rotate-0\" title=\"Онлайнкнига\" url=\"album.item.coverUrl\" angle=\"album.item.coverAngle\" transparent=\"album.item.isStyle\" data-ng-src=\"https://cdn.photoholding.com/RBalancerWeb/SquidStyleBalancer/add4379555d15836aa5d09b542815f8e/d250/0\" src=\"https://cdn.photoholding.com/RBalancerWeb/SquidStyleBalancer/add4379555d15836aa5d09b542815f8e/d250/0\"> is not clickable at point (820, 484). Other element would receive the click: <iframe id=\"fl-999505\" title=\"Flocktory widget\" frameborder=\"0\" scrolling=\"no\" class=\"flocktory-widget\" style=\"width: 800px; height: 600px; opacity: 1; transition: opacity 1s ease-in;\"></iframe>",
      "statusTrace" : "Invalid element state [img[title='Онлайнкнига']]: element click intercepted: Element <img alt=\"\" class=\"album_cover_image image-cover ng-isolate-scope success-loaded rotate-0\" title=\"Онлайнкнига\" url=\"album.item.coverUrl\" angle=\"album.item.coverAngle\" transparent=\"album.item.isStyle\" data-ng-src=\"https://cdn.photoholding.com/RBalancerWeb/SquidStyleBalancer/add4379555d15836aa5d09b542815f8e/d250/0\" src=\"https://cdn.photoholding.com/RBalancerWeb/SquidStyleBalancer/add4379555d15836aa5d09b542815f8e/d250/0\"> is not clickable at point (820, 484). Other element would receive the click: <iframe id=\"fl-999505\" title=\"Flocktory widget\" frameborder=\"0\" scrolling=\"no\" class=\"flocktory-widget\" style=\"width: 800px; height: 600px; opacity: 1; transition: opacity 1s ease-in;\"></iframe>\nScreenshot: file:/Users/Shared/gitlab-runner/builds/Ky1S2xgCM/0/autotests/WebNew/build/reports/tests/1758899196017.5.png\nPage source: file:/Users/Shared/gitlab-runner/builds/Ky1S2xgCM/0/autotests/WebNew/build/reports/tests/1758899196017.5.html\nTimeout: 20 s.\nCaused by: ElementClickInterceptedException: element click intercepted: Element <img alt=\"\" class=\"album_cover_image image-cover ng-isolate-scope success-loaded rotate-0\" title=\"Онлайнкнига\" url=\"album.item.coverUrl\" angle=\"album.item.coverAngle\" transparent=\"album.item.isStyle\" data-ng-src=\"https://cdn.photoholding.com/RBalancerWeb/SquidStyleBalancer/add4379555d15836aa5d09b542815f8e/d250/0\" src=\"https://cdn.photoholding.com/RBalancerWeb/SquidStyleBalancer/add4379555d15836aa5d09b542815f8e/d250/0\"> is not clickable at point (820, 484). Other element would receive the click: <iframe id=\"fl-999505\" title=\"Flocktory widget\" frameborder=\"0\" scrolling=\"no\" class=\"flocktory-widget\" style=\"width: 800px; height: 600px; opacity: 1; transition: opacity 1s ease-in;\"></iframe>\n\tat com.codeborne.selenide.impl.ExceptionWrapper.wrap(ExceptionWrapper.java:19)\n\tat com.codeborne.selenide.impl.SelenideElementProxy.dispatchAndRetry(SelenideElementProxy.java:153)\n\tat com.codeborne.selenide.impl.SelenideElementProxy.invoke(SelenideElementProxy.java:83)\n\tat jdk.proxy2/jdk.proxy2.$Proxy18.click(Unknown Source)\n\tat Page.OnlineOrder.renewAlbum(OnlineOrder.java:61)\n\tat Page.OnlineOrder.orderBookOnline(OnlineOrder.java:31)\n\tat test.DemoOrderTest.createBookInOnline(DemoOrderTest.java:148)\n\tat java.base/jdk.internal.reflect.DirectMethodHandleAccessor.invoke(DirectMethodHandleAccessor.java:104)\n\tat java.base/java.lang.reflect.Method.invoke(Method.java:565)\n\tat org.junit.platform.commons.util.ReflectionUtils.invokeMethod(ReflectionUtils.java:767)\n\tat org.junit.jupiter.engine.execution.MethodInvocation.proceed(MethodInvocation.java:60)\n\tat org.junit.jupiter.engine.execution.InvocationInterceptorChain$ValidatingInvocation.proceed(InvocationInterceptorChain.java:131)\n\tat org.junit.jupiter.engine.extension.TimeoutExtension.intercept(TimeoutExtension.java:156)\n\tat org.junit.jupiter.engine.extension.TimeoutExtension.interceptTestableMethod(TimeoutExtension.java:147)\n\tat org.junit.jupiter.engine.extension.TimeoutExtension.interceptTestMethod(TimeoutExtension.java:86)\n\tat org.junit.jupiter.engine.execution.InterceptingExecutableInvoker$ReflectiveInterceptorCall.lambda$ofVoidMethod$0(InterceptingExecutableInvoker.java:103)\n\tat org.junit.jupiter.engine.execution.InterceptingExecutableInvoker.lambda$invoke$0(InterceptingExecutableInvoker.java:93)\n\tat org.junit.jupiter.engine.execution.InvocationInterceptorChain$InterceptedInvocation.proceed(InvocationInterceptorChain.java:106)\n\tat org.junit.jupiter.engine.execution.InvocationInterceptorChain.proceed(InvocationInterceptorChain.java:64)\n\tat org.junit.jupiter.engine.execution.InvocationInterceptorChain.chainAndInvoke(InvocationInterceptorChain.java:45)\n\tat org.junit.jupiter.engine.execution.InvocationInterceptorChain.invoke(InvocationInterceptorChain.java:37)\n\tat org.junit.jupiter.engine.execution.InterceptingExecutableInvoker.invoke(InterceptingExecutableInvoker.java:92)\n\tat org.junit.jupiter.engine.execution.InterceptingExecutableInvoker.invoke(InterceptingExecutableInvoker.java:86)\n\tat org.junit.jupiter.engine.descriptor.TestMethodTestDescriptor.lambda$invokeTestMethod$8(TestMethodTestDescriptor.java:217)\n\tat org.junit.platform.engine.support.hierarchical.ThrowableCollector.execute(ThrowableCollector.java:73)\n\tat org.junit.jupiter.engine.descriptor.TestMethodTestDescriptor.invokeTestMethod(TestMethodTestDescriptor.java:213)\n\tat org.junit.jupiter.engine.descriptor.TestMethodTestDescriptor.execute(TestMethodTestDescriptor.java:138)\n\tat org.junit.jupiter.engine.descriptor.TestMethodTestDescriptor.execute(TestMethodTestDescriptor.java:68)\n\tat org.junit.platform.engine.support.hierarchical.NodeTestTask.lambda$executeRecursively$6(NodeTestTask.java:156)\n\tat org.junit.platform.engine.support.hierarchical.ThrowableCollector.execute(ThrowableCollector.java:73)\n\tat org.junit.platform.engine.support.hierarchical.NodeTestTask.lambda$executeRecursively$8(NodeTestTask.java:146)\n\tat org.junit.platform.engine.support.hierarchical.Node.around(Node.java:137)\n\tat org.junit.platform.engine.support.hierarchical.NodeTestTask.lambda$executeRecursively$9(NodeTestTask.java:144)\n\tat org.junit.platform.engine.support.hierarchical.ThrowableCollector.execute(ThrowableCollector.java:73)\n\tat org.junit.platform.engine.support.hierarchical.NodeTestTask.executeRecursively(NodeTestTask.java:143)\n\tat org.junit.platform.engine.support.hierarchical.NodeTestTask.execute(NodeTestTask.java:100)\n\tat java.base/java.util.ArrayList.forEach(ArrayList.java:1604)\n\tat org.junit.platform.engine.support.hierarchical.SameThreadHierarchicalTestExecutorService.invokeAll(SameThreadHierarchicalTestExecutorService.java:41)\n\tat org.junit.platform.engine.support.hierarchical.NodeTestTask.lambda$executeRecursively$6(NodeTestTask.java:160)\n\tat org.junit.platform.engine.support.hierarchical.ThrowableCollector.execute(ThrowableCollector.java:73)\n\tat org.junit.platform.engine.support.hierarchical.NodeTestTask.lambda$executeRecursively$8(NodeTestTask.java:146)\n\tat org.junit.platform.engine.support.hierarchical.Node.around(Node.java:137)\n\tat org.junit.platform.engine.support.hierarchical.NodeTestTask.lambda$executeRecursively$9(NodeTestTask.java:144)\n\tat org.junit.platform.engine.support.hierarchical.ThrowableCollector.execute(ThrowableCollector.java:73)\n\tat org.junit.platform.engine.support.hierarchical.NodeTestTask.executeRecursively(NodeTestTask.java:143)\n\tat org.junit.platform.engine.support.hierarchical.NodeTestTask.execute(NodeTestTask.java:100)\n\tat java.base/java.util.ArrayList.forEach(ArrayList.java:1604)\n\tat org.junit.platform.engine.support.hierarchical.SameThreadHierarchicalTestExecutorService.invokeAll(SameThreadHierarchicalTestExecutorService.java:41)\n\tat org.junit.platform.engine.support.hierarchical.NodeTestTask.lambda$executeRecursively$6(NodeTestTask.java:160)\n\tat org.junit.platform.engine.support.hierarchical.ThrowableCollector.execute(ThrowableCollector.java:73)\n\tat org.junit.platform.engine.support.hierarchical.NodeTestTask.lambda$executeRecursively$8(NodeTestTask.java:146)\n\tat org.junit.platform.engine.support.hierarchical.Node.around(Node.java:137)\n\tat org.junit.platform.engine.support.hierarchical.NodeTestTask.lambda$executeRecursively$9(NodeTestTask.java:144)\n\tat org.junit.platform.engine.support.hierarchical.ThrowableCollector.execute(ThrowableCollector.java:73)\n\tat org.junit.platform.engine.support.hierarchical.NodeTestTask.executeRecursively(NodeTestTask.java:143)\n\tat org.junit.platform.engine.support.hierarchical.NodeTestTask.execute(NodeTestTask.java:100)\n\tat org.junit.platform.engine.support.hierarchical.SameThreadHierarchicalTestExecutorService.submit(SameThreadHierarchicalTestExecutorService.java:35)\n\tat org.junit.platform.engine.support.hierarchical.HierarchicalTestExecutor.execute(HierarchicalTestExecutor.java:57)\n\tat org.junit.platform.engine.support.hierarchical.HierarchicalTestEngine.execute(HierarchicalTestEngine.java:54)\n\tat org.junit.platform.launcher.core.EngineExecutionOrchestrator.execute(EngineExecutionOrchestrator.java:108)\n\tat org.junit.platform.launcher.core.EngineExecutionOrchestrator.execute(EngineExecutionOrchestrator.java:88)\n\tat org.junit.platform.launcher.core.EngineExecutionOrchestrator.lambda$execute$0(EngineExecutionOrchestrator.java:54)\n\tat org.junit.platform.launcher.core.EngineExecutionOrchestrator.withInterceptedStreams(EngineExecutionOrchestrator.java:67)\n\tat org.junit.platform.launcher.core.EngineExecutionOrchestrator.execute(EngineExecutionOrchestrator.java:52)\n\tat org.junit.platform.launcher.core.DefaultLauncher.execute(DefaultLauncher.java:96)\n\tat org.junit.platform.launcher.core.DefaultLauncher.execute(DefaultLauncher.java:75)\n\tat org.apache.maven.surefire.junitplatform.LazyLauncher.execute(LazyLauncher.java:56)\n\tat org.apache.maven.surefire.junitplatform.JUnitPlatformProvider.invokeAllTests(JUnitPlatformProvider.java:162)\n\tat org.apache.maven.surefire.junitplatform.JUnitPlatformProvider.invoke(JUnitPlatformProvider.java:122)\n\tat org.apache.maven.surefire.booter.ForkedBooter.runSuitesInProcess(ForkedBooter.java:385)\n\tat org.apache.maven.surefire.booter.ForkedBooter.execute(ForkedBooter.java:162)\n\tat org.apache.maven.surefire.booter.ForkedBooter.run(ForkedBooter.java:507)\n\tat org.apache.maven.surefire.booter.ForkedBooter.main(ForkedBooter.java:495)\nCaused by: org.openqa.selenium.ElementClickInterceptedException: element click intercepted: Element <img alt=\"\" class=\"album_cover_image image-cover ng-isolate-scope success-loaded rotate-0\" title=\"Онлайнкнига\" url=\"album.item.coverUrl\" angle=\"album.item.coverAngle\" transparent=\"album.item.isStyle\" data-ng-src=\"https://cdn.photoholding.com/RBalancerWeb/SquidStyleBalancer/add4379555d15836aa5d09b542815f8e/d250/0\" src=\"https://cdn.photoholding.com/RBalancerWeb/SquidStyleBalancer/add4379555d15836aa5d09b542815f8e/d250/0\"> is not clickable at point (820, 484). Other element would receive the click: <iframe id=\"fl-999505\" title=\"Flocktory widget\" frameborder=\"0\" scrolling=\"no\" class=\"flocktory-widget\" style=\"width: 800px; height: 600px; opacity: 1; transition: opacity 1s ease-in;\"></iframe>\n  (Session info: chrome=141.0.7390.37)\nBuild info: version: '4.29.0', revision: '5fc1ec94cb'\nSystem info: os.name: 'Mac OS X', os.arch: 'aarch64', os.version: '15.6', java.version: '24.0.2'\nDriver info: org.openqa.selenium.chrome.ChromeDriver\nCommand: [c895118f80d05a35a062b508ffb2806e, clickElement {id=f.85A6682F8B243DCBF69B3DA2F9E80E7A.d.BF07D5718677477A0FFC409F8EBAD663.e.287}]\nCapabilities {acceptInsecureCerts: true, browserName: chrome, browserVersion: 141.0.7390.37, chrome: {chromedriverVersion: 141.0.7390.37 (9f043f63b0e5..., userDataDir: /var/folders/hx/tkw53wds467...}, fedcm:accounts: true, goog:chromeOptions: {debuggerAddress: localhost:55822}, networkConnectionEnabled: false, pageLoadStrategy: eager, platformName: mac, proxy: Proxy(), se:cdp: ws://localhost:55822/devtoo..., se:cdpVersion: 141.0.7390.37, setWindowRect: true, strictFileInteractability: false, timeouts: {implicit: 0, pageLoad: 300000, script: 30000}, unhandledPromptBehavior: accept, webauthn:extension:credBlob: true, webauthn:extension:largeBlob: true, webauthn:extension:minPinLength: true, webauthn:extension:prf: true, webauthn:virtualAuthenticators: true}\nElement: [[ChromeDriver: chrome on mac (c895118f80d05a35a062b508ffb2806e)] -> css selector: img[title='Онлайнкнига']]\nSession ID: c895118f80d05a35a062b508ffb2806e\n\tat java.base/jdk.internal.reflect.DirectConstructorHandleAccessor.newInstance(DirectConstructorHandleAccessor.java:62)\n\tat java.base/java.lang.reflect.Constructor.newInstanceWithCaller(Constructor.java:499)\n\tat java.base/java.lang.reflect.Constructor.newInstance(Constructor.java:483)\n\tat org.openqa.selenium.remote.ErrorCodec.decode(ErrorCodec.java:167)\n\tat org.openqa.selenium.remote.codec.w3c.W3CHttpResponseCodec.decode(W3CHttpResponseCodec.java:138)\n\tat org.openqa.selenium.remote.codec.w3c.W3CHttpResponseCodec.decode(W3CHttpResponseCodec.java:50)\n\tat org.openqa.selenium.remote.HttpCommandExecutor.execute(HttpCommandExecutor.java:215)\n\tat org.openqa.selenium.remote.service.DriverCommandExecutor.invokeExecute(DriverCommandExecutor.java:216)\n\tat org.openqa.selenium.remote.service.DriverCommandExecutor.execute(DriverCommandExecutor.java:174)\n\tat org.openqa.selenium.remote.RemoteWebDriver.execute(RemoteWebDriver.java:545)\n\tat org.openqa.selenium.remote.RemoteWebElement.execute(RemoteWebElement.java:223)\n\tat org.openqa.selenium.remote.RemoteWebElement.click(RemoteWebElement.java:76)\n\tat com.codeborne.selenide.commands.Click.defaultClick(Click.java:94)\n\tat com.codeborne.selenide.commands.Click.doClick(Click.java:72)\n\tat com.codeborne.selenide.commands.Click.click(Click.java:48)\n\tat com.codeborne.selenide.commands.Click.execute(Click.java:28)\n\tat com.codeborne.selenide.FluentCommand.execute(FluentCommand.java:27)\n\tat com.codeborne.selenide.FluentCommand.execute(FluentCommand.java:19)\n\tat com.codeborne.selenide.commands.Commands.execute(Commands.java:160)\n\tat com.codeborne.selenide.impl.SelenideElementProxy.dispatchAndRetry(SelenideElementProxy.java:131)\n\t... 71 more\n",
      "steps" : [ ],
      "attachments" : [ ],
      "parameters" : [ ],
      "attachmentsCount" : 0,
      "shouldDisplayMessage" : true,
      "stepsCount" : 0,
      "hasContent" : true
    }, {
      "name" : "Закрываем браузер",
      "time" : {
        "start" : 1758899196220,
        "stop" : 1758899196383,
        "duration" : 163
      },
      "status" : "passed",
      "steps" : [ ],
      "attachments" : [ ],
      "parameters" : [ ],
      "attachmentsCount" : 0,
      "shouldDisplayMessage" : false,
      "stepsCount" : 0,
      "hasContent" : false
    } ],
    "attachments" : [ ],
    "parameters" : [ ],
    "attachmentsCount" : 0,
    "shouldDisplayMessage" : false,
    "stepsCount" : 7,
    "hasContent" : true
  },
  "afterStages" : [ ],
  "labels" : [ {
    "name" : "host",
    "value" : "MacMiniWebIos.local"
  }, {
    "name" : "thread",
    "value" : "28920@MacMiniWebIos.local.main(3)"
  }, {
    "name" : "framework",
    "value" : "junit-platform"
  }, {
    "name" : "language",
    "value" : "java"
  }, {
    "name" : "package",
    "value" : "test.DemoOrderTest"
  }, {
    "name" : "testClass",
    "value" : "test.DemoOrderTest"
  }, {
    "name" : "testMethod",
    "value" : "createBookInOnline"
  }, {
    "name" : "suite",
    "value" : "test.DemoOrderTest"
  }, {
    "name" : "resultFormat",
    "value" : "allure2"
  } ],
  "parameters" : [ ],
  "links" : [ ],
  "hidden" : false,
  "retry" : false,
  "extra" : {
    "severity" : "normal",
    "retries" : [ {
      "uid" : "fc648542f744a9b6",
      "status" : "broken",
      "statusDetails" : "timeout: Timed out receiving message from renderer: 56.162\n  (Session info: chrome=141.0.7390.37)\nBuild info: version: '4.29.0', revision: '5fc1ec94cb'\nSystem info: os.name: 'Mac OS X', os.arch: 'aarch64', os.version: '15.6', java.version: '24.0.2'\nDriver info: org.openqa.selenium.chrome.ChromeDriver\nCommand: [64c4dacd1960340acef63805a317cb33, get {url=https://netprint.ru/}]\nselenide.url: https://netprint.ru/\nCapabilities {acceptInsecureCerts: true, browserName: chrome, browserVersion: 141.0.7390.37, chrome: {chromedriverVersion: 141.0.7390.37 (9f043f63b0e5..., userDataDir: /var/folders/hx/tkw53wds467...}, fedcm:accounts: true, goog:chromeOptions: {debuggerAddress: localhost:54377}, networkConnectionEnabled: false, pageLoadStrategy: eager, platformName: mac, proxy: Proxy(), se:cdp: ws://localhost:54377/devtoo..., se:cdpVersion: 141.0.7390.37, setWindowRect: true, strictFileInteractability: false, timeouts: {implicit: 0, pageLoad: 300000, script: 30000}, unhandledPromptBehavior: accept, webauthn:extension:credBlob: true, webauthn:extension:largeBlob: true, webauthn:extension:minPinLength: true, webauthn:extension:prf: true, webauthn:virtualAuthenticators: true}\nselenide.baseUrl: https://netprint.ru/\nSession ID: 64c4dacd1960340acef63805a317cb33",
      "time" : {
        "start" : 1758898514218,
        "stop" : 1758898576747,
        "duration" : 62529
      }
    }, {
      "uid" : "9950d6c46f189767",
      "status" : "failed",
      "statusDetails" : "Invalid element state [img[title='Онлайнкнига']]: element click intercepted: Element <img alt=\"\" class=\"album_cover_image image-cover ng-isolate-scope success-loaded rotate-0\" title=\"Онлайнкнига\" url=\"album.item.coverUrl\" angle=\"album.item.coverAngle\" transparent=\"album.item.isStyle\" data-ng-src=\"https://cdn.photoholding.com/RBalancerWeb/SquidStyleBalancer/add4379555d15836aa5d09b542815f8e/d250/0\" src=\"https://cdn.photoholding.com/RBalancerWeb/SquidStyleBalancer/add4379555d15836aa5d09b542815f8e/d250/0\"> is not clickable at point (530, 484). Other element would receive the click: <div class=\"flocktory-widget-overlay\" style=\"display: flex; z-index: 2147483647; position: fixed; top: 0px; left: 0px; justify-content: center; align-items: center; width: 100%; height: 100%; background: rgba(0, 0, 0, 0.8); transform: none;\" data-showed-up=\"true\">...</div>\nScreenshot: file:/Users/Shared/gitlab-runner/builds/Ky1S2xgCM/0/autotests/WebNew/build/reports/tests/1758898469631.5.png\nPage source: file:/Users/Shared/gitlab-runner/builds/Ky1S2xgCM/0/autotests/WebNew/build/reports/tests/1758898469631.5.html\nTimeout: 20 s.\nCaused by: ElementClickInterceptedException: element click intercepted: Element <img alt=\"\" class=\"album_cover_image image-cover ng-isolate-scope success-loaded rotate-0\" title=\"Онлайнкнига\" url=\"album.item.coverUrl\" angle=\"album.item.coverAngle\" transparent=\"album.item.isStyle\" data-ng-src=\"https://cdn.photoholding.com/RBalancerWeb/SquidStyleBalancer/add4379555d15836aa5d09b542815f8e/d250/0\" src=\"https://cdn.photoholding.com/RBalancerWeb/SquidStyleBalancer/add4379555d15836aa5d09b542815f8e/d250/0\"> is not clickable at point (530, 484). Other element would receive the click: <div class=\"flocktory-widget-overlay\" style=\"display: flex; z-index: 2147483647; position: fixed; top: 0px; left: 0px; justify-content: center; align-items: center; width: 100%; height: 100%; background: rgba(0, 0, 0, 0.8); transform: none;\" data-showed-up=\"true\">...</div>",
      "time" : {
        "start" : 1758898401545,
        "stop" : 1758898472062,
        "duration" : 70517
      }
    } ],
    "categories" : [ {
      "name" : "Product defects",
      "matchedStatuses" : [ ],
      "flaky" : false
    } ],
    "tags" : [ ]
  },
  "source" : "507e2edceef41927.json",
  "parameterValues" : [ ]
}